Determining if the pthread_create exist failed with the following output:
Change Dir: /root/SunwellCore/core/build/CMakeFiles/CMakeTmp

Run Build Command:/usr/bin/make "cmTryCompileExec3444877539/fast"
/usr/bin/make -f CMakeFiles/cmTryCompileExec3444877539.dir/build.make CMakeFiles/cmTryCompileExec3444877539.dir/build
make[1]: Entering directory `/root/SunwellCore/core/build/CMakeFiles/CMakeTmp'
/usr/bin/cmake -E cmake_progress_report /root/SunwellCore/core/build/CMakeFiles/CMakeTmp/CMakeFiles 1
Building C object CMakeFiles/cmTryCompileExec3444877539.dir/CheckSymbolExists.c.o
/usr/bin/gcc   -W -Wall -Wextra -Winit-self -Winvalid-pch -Wfatal-errors     -o CMakeFiles/cmTryCompileExec3444877539.dir/CheckSymbolExists.c.o   -c /root/SunwellCore/core/build/CMakeFiles/CMakeTmp/CheckSymbolExists.c
Linking C executable cmTryCompileExec3444877539
/usr/bin/cmake -E cmake_link_script CMakeFiles/cmTryCompileExec3444877539.dir/link.txt --verbose=1
/usr/bin/gcc    -W -Wall -Wextra -Winit-self -Winvalid-pch -Wfatal-errors      CMakeFiles/cmTryCompileExec3444877539.dir/CheckSymbolExists.c.o  -o cmTryCompileExec3444877539 -rdynamic 
CMakeFiles/cmTryCompileExec3444877539.dir/CheckSymbolExists.c.o: In function `main':
CheckSymbolExists.c:(.text+0x16): undefined reference to `pthread_create'
collect2: error: ld returned 1 exit status
make[1]: *** [cmTryCompileExec3444877539] Error 1
make[1]: Leaving directory `/root/SunwellCore/core/build/CMakeFiles/CMakeTmp'
make: *** [cmTryCompileExec3444877539/fast] Error 2

File /root/SunwellCore/core/build/CMakeFiles/CMakeTmp/CheckSymbolExists.c:
/* */
#include <pthread.h>

int main(int argc, char** argv)
{
  (void)argv;
#ifndef pthread_create
  return ((int*)(&pthread_create))[argc];
#else
  (void)argc;
  return 0;
#endif
}

Determining if the function pthread_create exists in the pthreads failed with the following output:
Change Dir: /root/SunwellCore/core/build/CMakeFiles/CMakeTmp

Run Build Command:/usr/bin/make "cmTryCompileExec2273045235/fast"
/usr/bin/make -f CMakeFiles/cmTryCompileExec2273045235.dir/build.make CMakeFiles/cmTryCompileExec2273045235.dir/build
make[1]: Entering directory `/root/SunwellCore/core/build/CMakeFiles/CMakeTmp'
/usr/bin/cmake -E cmake_progress_report /root/SunwellCore/core/build/CMakeFiles/CMakeTmp/CMakeFiles 1
Building C object CMakeFiles/cmTryCompileExec2273045235.dir/CheckFunctionExists.c.o
/usr/bin/gcc   -W -Wall -Wextra -Winit-self -Winvalid-pch -Wfatal-errors  -DCHECK_FUNCTION_EXISTS=pthread_create   -o CMakeFiles/cmTryCompileExec2273045235.dir/CheckFunctionExists.c.o   -c /usr/share/cmake-2.8/Modules/CheckFunctionExists.c
Linking C executable cmTryCompileExec2273045235
/usr/bin/cmake -E cmake_link_script CMakeFiles/cmTryCompileExec2273045235.dir/link.txt --verbose=1
/usr/bin/gcc    -W -Wall -Wextra -Winit-self -Winvalid-pch -Wfatal-errors  -DCHECK_FUNCTION_EXISTS=pthread_create    CMakeFiles/cmTryCompileExec2273045235.dir/CheckFunctionExists.c.o  -o cmTryCompileExec2273045235 -rdynamic -lpthreads 
/usr/bin/ld: cannot find -lpthreads
collect2: error: ld returned 1 exit status
make[1]: *** [cmTryCompileExec2273045235] Error 1
make[1]: Leaving directory `/root/SunwellCore/core/build/CMakeFiles/CMakeTmp'
make: *** [cmTryCompileExec2273045235/fast] Error 2


